{"D:\\packages\\@aux-utils\\deep.js\\src\\deep.js": {"path":"D:\\packages\\@aux-utils\\deep.js\\src\\deep.js","statementMap":{"0":{"start":{"line":11,"column":4},"end":{"line":26,"column":10}},"1":{"start":{"line":12,"column":8},"end":{"line":12,"column":46}},"2":{"start":{"line":12,"column":37},"end":{"line":12,"column":46}},"3":{"start":{"line":14,"column":26},"end":{"line":14,"column":37}},"4":{"start":{"line":16,"column":8},"end":{"line":23,"column":9}},"5":{"start":{"line":17,"column":12},"end":{"line":22,"column":13}},"6":{"start":{"line":25,"column":8},"end":{"line":25,"column":35}},"7":{"start":{"line":39,"column":4},"end":{"line":46,"column":6}},"8":{"start":{"line":40,"column":21},"end":{"line":40,"column":43}},"9":{"start":{"line":42,"column":8},"end":{"line":45,"column":9}},"10":{"start":{"line":59,"column":4},"end":{"line":66,"column":6}},"11":{"start":{"line":60,"column":21},"end":{"line":60,"column":43}},"12":{"start":{"line":62,"column":8},"end":{"line":65,"column":9}},"13":{"start":{"line":79,"column":4},"end":{"line":87,"column":5}},"14":{"start":{"line":80,"column":8},"end":{"line":80,"column":47}},"15":{"start":{"line":80,"column":36},"end":{"line":80,"column":47}},"16":{"start":{"line":82,"column":8},"end":{"line":86,"column":9}},"17":{"start":{"line":83,"column":27},"end":{"line":83,"column":77}},"18":{"start":{"line":85,"column":12},"end":{"line":85,"column":37}},"19":{"start":{"line":85,"column":24},"end":{"line":85,"column":37}},"20":{"start":{"line":100,"column":4},"end":{"line":106,"column":6}},"21":{"start":{"line":101,"column":8},"end":{"line":101,"column":30}},"22":{"start":{"line":103,"column":8},"end":{"line":105,"column":9}},"23":{"start":{"line":104,"column":12},"end":{"line":104,"column":62}},"24":{"start":{"line":119,"column":4},"end":{"line":128,"column":6}},"25":{"start":{"line":120,"column":26},"end":{"line":120,"column":48}},"26":{"start":{"line":122,"column":8},"end":{"line":125,"column":9}},"27":{"start":{"line":123,"column":12},"end":{"line":123,"column":20}},"28":{"start":{"line":124,"column":12},"end":{"line":124,"column":83}},"29":{"start":{"line":127,"column":8},"end":{"line":127,"column":24}}},"fnMap":{"0":{"name":"deepFilter","decl":{"start":{"line":10,"column":16},"end":{"line":10,"column":26}},"loc":{"start":{"line":10,"column":75},"end":{"line":27,"column":1}},"line":10},"1":{"name":"(anonymous_1)","decl":{"start":{"line":11,"column":23},"end":{"line":11,"column":24}},"loc":{"start":{"line":11,"column":37},"end":{"line":26,"column":5}},"line":11},"2":{"name":"deepSome","decl":{"start":{"line":38,"column":16},"end":{"line":38,"column":24}},"loc":{"start":{"line":38,"column":73},"end":{"line":47,"column":1}},"line":38},"3":{"name":"(anonymous_3)","decl":{"start":{"line":39,"column":21},"end":{"line":39,"column":22}},"loc":{"start":{"line":39,"column":29},"end":{"line":46,"column":5}},"line":39},"4":{"name":"deepEvery","decl":{"start":{"line":58,"column":16},"end":{"line":58,"column":25}},"loc":{"start":{"line":58,"column":74},"end":{"line":67,"column":1}},"line":58},"5":{"name":"(anonymous_5)","decl":{"start":{"line":59,"column":22},"end":{"line":59,"column":23}},"loc":{"start":{"line":59,"column":30},"end":{"line":66,"column":5}},"line":59},"6":{"name":"deepFind","decl":{"start":{"line":78,"column":16},"end":{"line":78,"column":24}},"loc":{"start":{"line":78,"column":73},"end":{"line":88,"column":1}},"line":78},"7":{"name":"deepEach","decl":{"start":{"line":99,"column":16},"end":{"line":99,"column":24}},"loc":{"start":{"line":99,"column":73},"end":{"line":107,"column":1}},"line":99},"8":{"name":"(anonymous_8)","decl":{"start":{"line":100,"column":24},"end":{"line":100,"column":25}},"loc":{"start":{"line":100,"column":32},"end":{"line":106,"column":5}},"line":100},"9":{"name":"deepMap","decl":{"start":{"line":118,"column":16},"end":{"line":118,"column":23}},"loc":{"start":{"line":118,"column":72},"end":{"line":129,"column":1}},"line":118},"10":{"name":"(anonymous_10)","decl":{"start":{"line":119,"column":20},"end":{"line":119,"column":21}},"loc":{"start":{"line":119,"column":28},"end":{"line":128,"column":5}},"line":119}},"branchMap":{"0":{"loc":{"start":{"line":10,"column":44},"end":{"line":10,"column":65}},"type":"default-arg","locations":[{"start":{"line":10,"column":55},"end":{"line":10,"column":65}}],"line":10},"1":{"loc":{"start":{"line":12,"column":8},"end":{"line":12,"column":46}},"type":"if","locations":[{"start":{"line":12,"column":8},"end":{"line":12,"column":46}},{"start":{},"end":{}}],"line":12},"2":{"loc":{"start":{"line":16,"column":8},"end":{"line":23,"column":9}},"type":"if","locations":[{"start":{"line":16,"column":8},"end":{"line":23,"column":9}},{"start":{},"end":{}}],"line":16},"3":{"loc":{"start":{"line":38,"column":42},"end":{"line":38,"column":63}},"type":"default-arg","locations":[{"start":{"line":38,"column":53},"end":{"line":38,"column":63}}],"line":38},"4":{"loc":{"start":{"line":42,"column":15},"end":{"line":45,"column":9}},"type":"binary-expr","locations":[{"start":{"line":42,"column":15},"end":{"line":42,"column":19}},{"start":{"line":43,"column":12},"end":{"line":43,"column":41}},{"start":{"line":44,"column":6},"end":{"line":44,"column":56}}],"line":42},"5":{"loc":{"start":{"line":58,"column":43},"end":{"line":58,"column":64}},"type":"default-arg","locations":[{"start":{"line":58,"column":54},"end":{"line":58,"column":64}}],"line":58},"6":{"loc":{"start":{"line":62,"column":15},"end":{"line":65,"column":9}},"type":"binary-expr","locations":[{"start":{"line":62,"column":15},"end":{"line":62,"column":19}},{"start":{"line":63,"column":12},"end":{"line":63,"column":42}},{"start":{"line":64,"column":6},"end":{"line":64,"column":57}}],"line":62},"7":{"loc":{"start":{"line":78,"column":42},"end":{"line":78,"column":63}},"type":"default-arg","locations":[{"start":{"line":78,"column":53},"end":{"line":78,"column":63}}],"line":78},"8":{"loc":{"start":{"line":80,"column":8},"end":{"line":80,"column":47}},"type":"if","locations":[{"start":{"line":80,"column":8},"end":{"line":80,"column":47}},{"start":{},"end":{}}],"line":80},"9":{"loc":{"start":{"line":82,"column":8},"end":{"line":86,"column":9}},"type":"if","locations":[{"start":{"line":82,"column":8},"end":{"line":86,"column":9}},{"start":{},"end":{}}],"line":82},"10":{"loc":{"start":{"line":85,"column":12},"end":{"line":85,"column":37}},"type":"if","locations":[{"start":{"line":85,"column":12},"end":{"line":85,"column":37}},{"start":{},"end":{}}],"line":85},"11":{"loc":{"start":{"line":99,"column":42},"end":{"line":99,"column":63}},"type":"default-arg","locations":[{"start":{"line":99,"column":53},"end":{"line":99,"column":63}}],"line":99},"12":{"loc":{"start":{"line":103,"column":8},"end":{"line":105,"column":9}},"type":"if","locations":[{"start":{"line":103,"column":8},"end":{"line":105,"column":9}},{"start":{},"end":{}}],"line":103},"13":{"loc":{"start":{"line":118,"column":41},"end":{"line":118,"column":62}},"type":"default-arg","locations":[{"start":{"line":118,"column":52},"end":{"line":118,"column":62}}],"line":118},"14":{"loc":{"start":{"line":122,"column":8},"end":{"line":125,"column":9}},"type":"if","locations":[{"start":{"line":122,"column":8},"end":{"line":125,"column":9}},{"start":{},"end":{}}],"line":122}},"s":{"0":4,"1":10,"2":4,"3":6,"4":6,"5":2,"6":6,"7":10,"8":23,"9":23,"10":11,"11":24,"12":24,"13":12,"14":24,"15":6,"16":18,"17":6,"18":6,"19":4,"20":6,"21":14,"22":14,"23":4,"24":6,"25":14,"26":14,"27":4,"28":4,"29":14},"f":{"0":4,"1":10,"2":10,"3":23,"4":11,"5":24,"6":12,"7":6,"8":14,"9":6,"10":14},"b":{"0":[2],"1":[4,6],"2":[2,4],"3":[4],"4":[23,20,6],"5":[4],"6":[24,23,7],"7":[6],"8":[6,18],"9":[6,12],"10":[4,2],"11":[2],"12":[4,10],"13":[2],"14":[4,10]},"_coverageSchema":"1a1c01bbd47fc00a2c39e90264f33305004495a9","hash":"bdd16de2512255b2c8921b6a817d388705649539"}
}
