TN:
SF:src\deep.js
FN:10,deepFilter
FN:11,(anonymous_1)
FN:38,deepSome
FN:39,(anonymous_3)
FN:58,deepEvery
FN:59,(anonymous_5)
FN:78,deepFind
FN:99,deepEach
FN:100,(anonymous_8)
FN:118,deepMap
FN:119,(anonymous_10)
FNF:11
FNH:11
FNDA:4,deepFilter
FNDA:10,(anonymous_1)
FNDA:10,deepSome
FNDA:23,(anonymous_3)
FNDA:11,deepEvery
FNDA:24,(anonymous_5)
FNDA:12,deepFind
FNDA:6,deepEach
FNDA:14,(anonymous_8)
FNDA:6,deepMap
FNDA:14,(anonymous_10)
DA:11,4
DA:12,10
DA:14,6
DA:16,6
DA:17,2
DA:25,6
DA:39,10
DA:40,23
DA:42,23
DA:59,11
DA:60,24
DA:62,24
DA:79,12
DA:80,24
DA:82,18
DA:83,6
DA:85,6
DA:100,6
DA:101,14
DA:103,14
DA:104,4
DA:119,6
DA:120,14
DA:122,14
DA:123,4
DA:124,4
DA:127,14
LF:27
LH:27
BRDA:10,0,0,2
BRDA:12,1,0,4
BRDA:12,1,1,6
BRDA:16,2,0,2
BRDA:16,2,1,4
BRDA:38,3,0,4
BRDA:42,4,0,23
BRDA:42,4,1,20
BRDA:42,4,2,6
BRDA:58,5,0,4
BRDA:62,6,0,24
BRDA:62,6,1,23
BRDA:62,6,2,7
BRDA:78,7,0,6
BRDA:80,8,0,6
BRDA:80,8,1,18
BRDA:82,9,0,6
BRDA:82,9,1,12
BRDA:85,10,0,4
BRDA:85,10,1,2
BRDA:99,11,0,2
BRDA:103,12,0,4
BRDA:103,12,1,10
BRDA:118,13,0,2
BRDA:122,14,0,4
BRDA:122,14,1,10
BRF:26
BRH:26
end_of_record
